<?xml version="1.0" encoding="UTF-8"?>
<!-- Generated by org.testng.reporters.JUnitReportReporter -->
<testsuite skipped="0" hostname="krish" name="extent.f1" tests="1" failures="0" timestamp="2023-06-06T07:10:00 IST" time="4.350" errors="0">
  <testcase name="extentReportsDemo" time="4.350" classname="extent.f1"/>
  <system-out/>
</testsuite> <!-- extent.f1 -->
