<?xml version="1.0" encoding="UTF-8"?>
<!-- Generated by org.testng.reporters.JUnitReportReporter -->
<testsuite skipped="0" hostname="krish" name="FILEHAND.read" tests="1" failures="0" timestamp="2023-06-02T07:19:27 IST" time="0.676" errors="0">
  <testcase name="ab" time="0.676" classname="FILEHAND.read"/>
  <system-out/>
</testsuite> <!-- FILEHAND.read -->
